INFO - Creating initial population
INFO - Mem free: 186.5 MB
INFO - Prototype program set
INFO - Mem free after creating population: 223.0 MB
INFO - Your configuration does not contain unused commands, this is good
INFO - Creating initial population
INFO - Mem free: 186.0 MB
INFO - Prototype program set
INFO - Mem free after creating population: 223.0 MB
INFO - Your configuration does not contain unused commands, this is good
INFO - Creating initial population
INFO - Mem free: 185.5 MB
INFO - Prototype program set
INFO - Mem free after creating population: 223.0 MB
INFO - Your configuration does not contain unused commands, this is good
INFO - Creating initial population
INFO - Mem free: 187.5 MB
INFO - Prototype program set
INFO - Mem free after creating population: 223.0 MB
INFO - Your configuration does not contain unused commands, this is good
INFO - Creating initial population
INFO - Mem free: 186.5 MB
INFO - Prototype program set
INFO - Mem free after creating population: 223.0 MB
INFO - Your configuration does not contain unused commands, this is good
INFO - Creating initial population
INFO - Mem free: 174.5 MB
INFO - Prototype program set
INFO - Mem free after creating population: 226.5 MB
INFO - Your configuration does not contain unused commands, this is good
INFO - Creating initial population
INFO - Mem free: 173.5 MB
INFO - Prototype program set
INFO - Mem free after creating population: 226.5 MB
INFO - Your configuration does not contain unused commands, this is good
INFO - Creating initial population
INFO - Mem free: 173.5 MB
INFO - Prototype program set
INFO - Mem free after creating population: 226.5 MB
INFO - Your configuration does not contain unused commands, this is good
INFO - Creating initial population
INFO - Mem free: 174.5 MB
INFO - Prototype program set
INFO - Mem free after creating population: 226.0 MB
INFO - Your configuration does not contain unused commands, this is good
INFO - Creating initial population
INFO - Mem free: 173.0 MB
INFO - Prototype program set
INFO - Mem free after creating population: 226.0 MB
INFO - Your configuration does not contain unused commands, this is good
INFO - #########################
INFO - unscaled fitness: 0.91395238250494:0.09749999642372131:12;0.91395238250494:0.09749999642372131:12;0.91395238250494:0.09749999642372131:12;0.9045406153798103:0.042500000447034836:0;0.91395238250494:0.09749999642372131:12;0.9045406153798103:0.042500000447034836:0;0.9024817889928818:0.054375000298023224:0;0.9045406153798103:0.042500000447034836:0;0.897638658285141:0.17249999940395355:0;0.8051372563838959:0.3725000023841858:2;0.8939915990829468:0.19750000536441803:2;0.9045406153798103:0.11687500029802322:2;0.8051372563838959:0.3725000023841858:2;0.900717089176178:0.18000000715255737:2;0.8245406097173691:0.17937499284744263:2;0.8930896392464638:0.17749999463558197:21;0.8245406097173691:0.17937499284744263:2;0.7145882344245911:0.10000000149011612:2;0.8800308054685593:0.28187501430511475:2;0.8758039271831513:0.13375000655651093:0;0.897638658285141:0.17937499284744263:2;0.9045406153798103:0.042500000447034836:0;0.8964817917346954:0.18187500536441803:2;0.894767509996891:0.19437499344348907:2;0.9045406153798103:0.042500000447034836:0;0.8214509731531143:0.3581250011920929:12;0.9045406153798103:0.042500000447034836:0;0.9045406153798103:0.11687500029802322:2;0.805196071267128:0.3700000047683716:2;0.8875392174720764:0.234375:7;0.897638658285141:0.17937499284744263:2;0.91395238250494:0.09749999642372131:12;0.9045406153798103:0.042500000447034836:0;0.8051372563838959:0.3725000023841858:2;0.897638658285141:0.17937499284744263:2;0.9045406153798103:0.042500000447034836:0;0.897638658285141:0.17937499284744263:2;0.7628921514749527:0.2750000059604645:2;0.8245406097173691:0.17937499284744263:2;0.761549020409584:0.109375:2;0.91395238250494:0.09749999642372131:12;0.8800308054685593:0.28187501430511475:2;0.805196071267128:0.3700000047683716:2;0.744588235616684:0.17812499403953552:2;0.8051372563838959:0.3725000023841858:2;0.7936862802505493:0.23499999940395355:45;0.8800308054685593:0.28187501430511475:2;0.753843138217926:0.18000000715255737:2;0.805196071267128:0.3700000047683716:2;0.7900392210483551:0.3162499964237213:12;0.8800308054685593:0.28187501430511475:2;0.8225994354486466:0.07374999672174454:0;0.805196071267128:0.3700000047683716:2;0.7009019649028778:0.18062500655651093:2;0.91395238250494:0.09749999642372131:12;0.897638658285141:0.17937499284744263:2;0.9045406153798103:0.11687500029802322:2;0.8800308054685593:0.28187501430511475:2;0.9045406153798103:0.042500000447034836:0;0.9045406153798103:0.042500000447034836:0;0.9045406153798103:0.042500000447034836:0;0.9045406153798103:0.042500000447034836:0;0.8800308054685593:0.28187501430511475:2;0.9099495804309845:0.0768750011920929:12;0.91395238250494:0.09749999642372131:12;0.8268543428182602:0.17937499284744263:2;0.8245406097173691:0.17937499284744263:2;0.9045406153798103:0.11687500029802322:2;0.8800308054685593:0.28187501430511475:2;0.9045406153798103:0.11687500029802322:2;0.9045406153798103:0.11687500029802322:2;0.7443921661376953:0.12812499701976776:2;0.91395238250494:0.09749999642372131:12;0.805196071267128:0.3700000047683716:2;0.91395238250494:0.09749999642372131:12;0.897638658285141:0.17937499284744263:2;0.8245406097173691:0.17937499284744263:2;0.9045406153798103:0.11687500029802322:2;0.897638658285141:0.17937499284744263:2;0.897638658285141:0.17937499284744263:2;0.8713725453615189:0.1393750011920929:2;0.91395238250494:0.09749999642372131:12;0.8051372563838959:0.3725000023841858:2;0.91395238250494:0.09749999642372131:12;0.897638658285141:0.17937499284744263:2;0.897638658285141:0.17937499284744263:2;0.9045406153798103:0.11687500029802322:2;0.8245406097173691:0.17937499284744263:2;0.8245406097173691:0.17937499284744263:2;0.8051372563838959:0.3725000023841858:2;0.805196071267128:0.3700000047683716:2;0.7806862688064575:0.23999999463558197:0;0.8245406097173691:0.17937499284744263:2;0.7859159654378891:0.20499999821186066:1;0.805196071267128:0.3700000047683716:2;0.8051372563838959:0.3725000023841858:2;0.805196071267128:0.3700000047683716:2;0.8800308054685593:0.28187501430511475:2;0.805196071267128:0.3700000047683716:2;0.8245406097173691:0.17937499284744263:2;
INFO - Best solution fitness: 0.91
INFO - Best solution: right
INFO - Generation: 0
INFO - Time: Tue Feb 28 18:05:42 GMT 2017
INFO - Depth of chrom: 0
INFO - Creating initial population
INFO - Mem free: 173.0 MB
INFO - Prototype program set
INFO - Mem free after creating population: 225.5 MB
INFO - Your configuration does not contain unused commands, this is good
INFO - Creating initial population
INFO - Mem free: 167.0 MB
INFO - Prototype program set
INFO - Mem free after creating population: 221.5 MB
INFO - Your configuration does not contain unused commands, this is good
INFO - Creating initial population
INFO - Mem free: 176.5 MB
INFO - Prototype program set
INFO - Mem free after creating population: 225.5 MB
INFO - Your configuration does not contain unused commands, this is good
INFO - Creating initial population
INFO - Mem free: 176.5 MB
INFO - Prototype program set
INFO - Mem free after creating population: 225.0 MB
INFO - Your configuration does not contain unused commands, this is good
INFO - Creating initial population
INFO - Mem free: 169.5 MB
INFO - Prototype program set
INFO - Mem free after creating population: 223.0 MB
INFO - Your configuration does not contain unused commands, this is good
INFO - #########################
INFO - unscaled fitness: 0.8051372563838959:0.3725000023841858:2;0.8528543359041214:0.2068749964237213:2;0.8245406097173691:0.17937499284744263:2;0.8051372563838959:0.3725000023841858:2;0.9045406153798103:0.042500000447034836:0;0.8800308054685593:0.28187501430511475:2;0.8245406097173691:0.17937499284744263:2;0.8051372563838959:0.3725000023841858:2;0.805196071267128:0.27812498807907104:0;0.897638658285141:0.17937499284744263:2;0.91395238250494:0.09749999642372131:12;0.8197254931926727:0.24250000715255737:2;0.9045406153798103:0.11687500029802322:2;0.8051372563838959:0.3725000023841858:2;0.8245406097173691:0.17937499284744263:2;0.8800308054685593:0.18000000715255737:0;0.8800308054685593:0.28187501430511475:2;0.7819607800245285:0.30375000834465027:2;0.897638658285141:0.17937499284744263:2;0.7231568491458893:0.11874999850988388:2;0.8800308054685593:0.28187501430511475:2;0.7890980339050293:0.19625000655651093:1;0.8051372563838959:0.3725000023841858:2;0.7982941216230393:0.2306250035762787:2;0.9082464969158173:0.10499999672174454:2;0.8051372563838959:0.3725000023841858:2;0.9045406153798103:0.11687500029802322:2;0.7806862688064575:0.30375000834465027:2;0.9045406153798103:0.042500000447034836:0;0.7251960730552673:0.17249999940395355:0;0.8000308072566986:0.16875000298023224:2;0.8800308054685593:0.28187501430511475:2;0.8800308054685593:0.28187501430511475:2;0.6981960928440094:0.07874999940395355:0;0.897638658285141:0.17937499284744263:2;0.7100392079353333:0.09125000238418579:2;0.9197563028335571:0.09749999642372131:12;0.7930196022987366:0.21687500178813934:2;0.8051372563838959:0.3725000023841858:2;0.727941164970398:0.12250000238418579:2;0.91395238250494:0.09749999642372131:12;0.8800308054685593:0.28187501430511475:2;0.8051372563838959:0.3725000023841858:2;0.805196071267128:0.3700000047683716:2;0.805196071267128:0.3700000047683716:2;0.9045406153798103:0.042500000447034836:0;0.9045406153798103:0.042500000447034836:0;0.8059719896316528:0.16500000655651093:2;0.897638658285141:0.17937499284744263:2;0.7916078364849091:0.21875:2;0.9045406153798103:0.042500000447034836:0;0.805196071267128:0.3700000047683716:2;0.8051372563838959:0.3725000023841858:2;0.8245406097173691:0.17937499284744263:2;0.805196071267128:0.3700000047683716:2;0.7768627500534058:0.2706249952316284:2;0.9124061635136604:0.18312500417232513:2;0.751274505853653:0.15812499821186066:2;0.8051372563838959:0.3725000023841858:2;0.8836078441143036:0.12812499701976776:12;0.9045406153798103:0.042500000447034836:0;0.7318235433101654:0.1993750035762787:12;0.805196071267128:0.3700000047683716:2;0.8836778646707535:0.26374998688697815:2;0.897638658285141:0.17937499284744263:2;0.8051372563838959:0.3725000023841858:2;0.897638658285141:0.17937499284744263:2;0.91395238250494:0.09749999642372131:12;0.7006274557113648:0.17874999344348907:2;0.8245406097173691:0.17937499284744263:2;0.91395238250494:0.09749999642372131:12;0.9045406153798103:0.042500000447034836:0;0.8800308054685593:0.28187501430511475:2;0.8800308054685593:0.28187501430511475:2;0.8800308054685593:0.28187501430511475:2;0.805196071267128:0.3700000047683716:2;0.8800308054685593:0.28187501430511475:2;0.805196071267128:0.3700000047683716:2;0.9045406153798103:0.042500000447034836:0;0.8051372563838959:0.3725000023841858:2;0.9045406153798103:0.042500000447034836:0;0.9045406153798103:0.042500000447034836:0;0.8800308054685593:0.28187501430511475:2;0.8051372563838959:0.3725000023841858:2;0.8051372563838959:0.3725000023841858:2;0.8051372563838959:0.3725000023841858:2;0.8245406097173691:0.17937499284744263:2;0.8245406097173691:0.17937499284744263:2;0.9045406153798103:0.11687500029802322:2;0.9045406153798103:0.042500000447034836:0;0.91395238250494:0.09749999642372131:12;0.8245406097173691:0.17937499284744263:2;0.897638658285141:0.17937499284744263:2;0.8245406097173691:0.17937499284744263:2;0.9045406153798103:0.11687500029802322:2;0.897638658285141:0.17937499284744263:2;0.8800308054685593:0.28187501430511475:2;0.9045406153798103:0.11687500029802322:2;0.897638658285141:0.17937499284744263:2;0.9045406153798103:0.042500000447034836:0;
INFO - Best solution fitness: 0.91
INFO - Best solution: if((isCoinAt 3 3)) then ((sub[down --> right])) else((if((isMushroomAt 3 3)) then (wait) else(right)))
INFO - Generation: 0
INFO - Time: Thu Mar 02 11:42:46 GMT 2017
INFO - Depth of chrom: 3
INFO - Creating initial population
INFO - Mem free: 186.5 MB
INFO - Prototype program set
INFO - Mem free after creating population: 218.5 MB
INFO - Your configuration does not contain unused commands, this is good
INFO - Creating initial population
INFO - Mem free: 185.5 MB
INFO - Prototype program set
INFO - Mem free after creating population: 219.0 MB
INFO - Your configuration does not contain unused commands, this is good
INFO - Creating initial population
INFO - Mem free: 192.0 MB
INFO - Prototype program set
INFO - Mem free after creating population: 222.0 MB
INFO - Your configuration does not contain unused commands, this is good
INFO - #########################
INFO - unscaled fitness: 0.8800308054685593:0.28187501430511475:2;0.8894425800442696:0.2800000011920929:12;0.8800308054685593:0.28187501430511475:2;0.9045406153798103:0.11687500029802322:2;0.9045406153798103:0.11687500029802322:2;0.8800308054685593:0.18000000715255737:0;0.725137243270874:0.2731249928474426:2;0.8051372563838959:0.2800000011920929:0;0.9045406153798103:0.11687500029802322:2;0.8536862677335739:0.3174999952316284:2;0.8245406097173691:0.17937499284744263:2;0.9045406153798103:0.11687500029802322:2;0.897638658285141:0.17937499284744263:2;0.9045406153798103:0.11687500029802322:2;0.91395238250494:0.09749999642372131:12;0.8894425800442696:0.2800000011920929:12;0.9045406153798103:0.042500000447034836:0;0.805196071267128:0.27812498807907104:0;0.8245406097173691:0.17937499284744263:2;0.8339523768424988:0.19187499582767487:6;0.9045406153798103:0.11687500029802322:2;0.7982941216230393:0.2306250035762787:2;0.8051372563838959:0.3725000023841858:2;0.9045406153798103:0.042500000447034836:0;0.9045406153798103:0.11687500029802322:2;0.8051372563838959:0.2800000011920929:0;0.9045406153798103:0.042500000447034836:0;0.7900392210483551:0.3162499964237213:12;0.91395238250494:0.09749999642372131:12;0.8089313751459122:0.2887499928474426:2;0.8800308054685593:0.28187501430511475:2;0.8089313751459122:0.2887499928474426:2;0.9045406153798103:0.042500000447034836:0;0.91395238250494:0.09749999642372131:12;0.8051372563838959:0.3725000023841858:2;0.8051372563838959:0.3725000023841858:2;0.805196071267128:0.3700000047683716:2;0.7463333404064179:0.2668749988079071:2;0.8800308054685593:0.28187501430511475:2;0.7900392210483551:0.2162500023841858:2;0.9073081260919571:0.1756249964237213:2;0.7134509778022766:0.10125000029802322:2;0.9045406153798103:0.042500000447034836:0;0.8051372563838959:0.3725000023841858:2;0.9045406153798103:0.11687500029802322:2;0.9045406153798103:0.11687500029802322:2;0.8245406097173691:0.17937499284744263:2;0.9024817889928818:0.12125000357627869:2;0.805196071267128:0.3700000047683716:2;0.91395238250494:0.09749999642372131:12;0.9045406153798103:0.042500000447034836:0;0.9045406153798103:0.042500000447034836:0;0.8051372563838959:0.3725000023841858:2;0.730764696598053:0.16312499344348907:2;0.91395238250494:0.09749999642372131:12;0.8800308054685593:0.28187501430511475:2;0.9045406153798103:0.042500000447034836:0;0.9013445398211479:0.17937499284744263:2;0.9045406153798103:0.11687500029802322:2;0.7345490252971649:0.2681249976158142:2;0.9045406153798103:0.042500000447034836:0;0.805196071267128:0.3700000047683716:2;0.9045406153798103:0.042500000447034836:0;0.91395238250494:0.09749999642372131:12;0.9045406153798103:0.11687500029802322:2;0.9045406153798103:0.11687500029802322:2;0.9045406153798103:0.042500000447034836:0;0.805196071267128:0.3700000047683716:2;0.9104229679703713:0.05062500014901161:0;0.805196071267128:0.3700000047683716:2;0.805196071267128:0.3700000047683716:2;0.8245406097173691:0.17937499284744263:2;0.897638658285141:0.17937499284744263:2;0.8051372563838959:0.3725000023841858:2;0.8800308054685593:0.28187501430511475:2;0.8800308054685593:0.28187501430511475:2;0.9110644257068634:0.16562500596046448:2;0.897638658285141:0.17937499284744263:2;0.805196071267128:0.3700000047683716:2;0.8245406097173691:0.17937499284744263:2;0.8800308054685593:0.28187501430511475:2;0.9045406153798103:0.11687500029802322:2;0.9045406153798103:0.11687500029802322:2;0.897638658285141:0.17937499284744263:2;0.91395238250494:0.09749999642372131:12;0.8051372563838959:0.3725000023841858:2;0.897638658285141:0.17937499284744263:2;0.8800308054685593:0.28187501430511475:2;0.8051372563838959:0.3725000023841858:2;0.8051372563838959:0.3725000023841858:2;0.9045406153798103:0.11687500029802322:2;0.805196071267128:0.3700000047683716:2;0.91395238250494:0.09749999642372131:12;0.7934509760141373:0.22374999523162842:0;0.9045406153798103:0.11687500029802322:2;0.7806274539232254:0.27562499046325684:0;0.8051372563838959:0.3725000023841858:2;0.897638658285141:0.17937499284744263:2;0.8051372563838959:0.3725000023841858:2;0.8874705901741982:0.1574999988079071:2;
INFO - Best solution fitness: 0.91
INFO - Best solution: right
INFO - Generation: 0
INFO - Time: Sun Mar 05 13:30:34 GMT 2017
INFO - Depth of chrom: 0
INFO - #########################
INFO - unscaled fitness: 0.9045406153798103:0.09562499821186066:0;0.9045406153798103:0.11687500029802322:2;0.9045406153798103:0.042500000447034836:0;0.9045406153798103:0.11687500029802322:2;0.9045406153798103:0.11687500029802322:2;0.805196071267128:0.3700000047683716:2;0.91395238250494:0.09749999642372131:12;0.91395238250494:0.09749999642372131:12;0.9045406153798103:0.11687500029802322:2;0.91395238250494:0.09749999642372131:12;0.9045406153798103:0.042500000447034836:0;0.91395238250494:0.09749999642372131:12;0.9045406153798103:0.11687500029802322:2;0.8245406097173691:0.17937499284744263:2;0.9045406153798103:0.042500000447034836:0;0.91395238250494:0.09749999642372131:12;0.897638658285141:0.17937499284744263:2;0.9045406153798103:0.042500000447034836:0;0.9045406153798103:0.042500000447034836:0;0.8051372563838959:0.3725000023841858:2;0.9045406153798103:0.11687500029802322:2;0.9104229679703713:0.05062500014901161:0;0.8800308054685593:0.28187501430511475:2;0.91395238250494:0.09749999642372131:12;0.9045406153798103:0.11687500029802322:2;0.9045406153798103:0.11687500029802322:2;0.9045406153798103:0.042500000447034836:0;0.9045406153798103:0.042500000447034836:0;0.9045406153798103:0.11687500029802322:2;0.9045406153798103:0.11687500029802322:2;0.9045406153798103:0.042500000447034836:0;0.9045406153798103:0.11687500029802322:2;0.9045406153798103:0.11687500029802322:2;0.8800308054685593:0.18000000715255737:0;0.9104229679703713:0.05062500014901161:0;0.8245406097173691:0.17937499284744263:2;0.9045406153798103:0.11687500029802322:2;0.897638658285141:0.17937499284744263:2;0.8245406097173691:0.17937499284744263:2;0.9045406153798103:0.042500000447034836:0;0.91395238250494:0.09749999642372131:12;0.9045406153798103:0.042500000447034836:0;0.91395238250494:0.09749999642372131:12;0.8800308054685593:0.18000000715255737:0;0.9045406153798103:0.11687500029802322:2;0.897638658285141:0.17937499284744263:2;0.897638658285141:0.17937499284744263:2;0.91395238250494:0.09749999642372131:12;0.9045406153798103:0.042500000447034836:0;0.9045406153798103:0.11687500029802322:2;0.9110644257068634:0.16562500596046448:2;0.91395238250494:0.09749999642372131:12;0.9045406153798103:0.11687500029802322:2;0.91395238250494:0.09749999642372131:12;0.9045406153798103:0.11687500029802322:2;0.8800308054685593:0.28187501430511475:2;0.91395238250494:0.09749999642372131:12;0.8245406097173691:0.17937499284744263:2;0.91395238250494:0.09749999642372131:12;0.9045406153798103:0.11687500029802322:2;0.9110644257068634:0.16562500596046448:2;0.91395238250494:0.09749999642372131:12;0.91395238250494:0.09749999642372131:12;0.8800308054685593:0.28187501430511475:2;0.9045406153798103:0.11687500029802322:2;0.9045406153798103:0.11687500029802322:2;0.91395238250494:0.09749999642372131:12;0.9045406153798103:0.11687500029802322:2;0.9045406153798103:0.11687500029802322:2;0.9045406153798103:0.11687500029802322:2;0.91395238250494:0.09749999642372131:12;0.9045406153798103:0.042500000447034836:0;0.9045406153798103:0.042500000447034836:0;0.9045406153798103:0.042500000447034836:0;0.9073081260919571:0.1756249964237213:2;0.91395238250494:0.09749999642372131:12;0.805196071267128:0.3700000047683716:2;0.8089313751459122:0.2887499928474426:2;0.897638658285141:0.17937499284744263:2;0.91395238250494:0.09749999642372131:12;0.91395238250494:0.09749999642372131:12;0.805196071267128:0.3700000047683716:2;0.9045406153798103:0.042500000447034836:0;0.7149411833286285:0.10562500357627869:0;0.897638658285141:0.17937499284744263:2;0.7982352918386459:0.2331250011920929:2;0.8800308054685593:0.28187501430511475:2;0.8800308054685593:0.28187501430511475:2;0.8245406097173691:0.17937499284744263:2;0.8999327740073204:0.18062500655651093:2;0.805196071267128:0.3700000047683716:2;0.7100392079353333:0.16374999284744263:11;0.9045406153798103:0.11687500029802322:2;0.9045406153798103:0.042500000447034836:0;0.897638658285141:0.17937499284744263:2;0.7806862688064575:0.30375000834465027:2;0.9045406153798103:0.042500000447034836:0;0.897638658285141:0.17937499284744263:2;0.8051372563838959:0.3725000023841858:2;0.9045406153798103:0.042500000447034836:0;
INFO - Creating initial population
INFO - Mem free: 169.0 MB
INFO - Prototype program set
INFO - Mem free after creating population: 221.0 MB
INFO - Your configuration does not contain unused commands, this is good
INFO - Creating initial population
INFO - Mem free: 186.5 MB
INFO - Prototype program set
INFO - Mem free after creating population: 220.0 MB
INFO - Your configuration does not contain unused commands, this is good
INFO - Creating initial population
INFO - Mem free: 185.0 MB
INFO - Prototype program set
INFO - Mem free after creating population: 218.5 MB
INFO - Your configuration does not contain unused commands, this is good
INFO - Creating initial population
INFO - Mem free: 185.5 MB
INFO - Prototype program set
INFO - Mem free after creating population: 218.5 MB
INFO - Your configuration does not contain unused commands, this is good
INFO - Creating initial population
INFO - Mem free: 189.0 MB
INFO - Prototype program set
INFO - Mem free after creating population: 221.0 MB
INFO - Your configuration does not contain unused commands, this is good
INFO - Creating initial population
INFO - Mem free: 154.0 MB
INFO - Prototype program set
INFO - Mem free after creating population: 154.0 MB
INFO - Your configuration does not contain unused commands, this is good
INFO - Creating initial population
INFO - Mem free: 187.0 MB
INFO - Prototype program set
INFO - Mem free after creating population: 218.5 MB
INFO - Your configuration does not contain unused commands, this is good
INFO - Creating initial population
INFO - Mem free: 186.5 MB
INFO - Prototype program set
INFO - Mem free after creating population: 218.5 MB
INFO - Your configuration does not contain unused commands, this is good
INFO - Creating initial population
INFO - Mem free: 172.5 MB
INFO - Prototype program set
INFO - Mem free after creating population: 218.5 MB
INFO - Your configuration does not contain unused commands, this is good
INFO - Creating initial population
INFO - Mem free: 176.5 MB
INFO - Prototype program set
INFO - Mem free after creating population: 218.5 MB
INFO - Your configuration does not contain unused commands, this is good
INFO - Creating initial population
INFO - Mem free: 174.0 MB
INFO - Prototype program set
INFO - Mem free after creating population: 218.5 MB
INFO - Your configuration does not contain unused commands, this is good
INFO - Creating initial population
INFO - Mem free: 181.0 MB
INFO - Prototype program set
INFO - Mem free after creating population: 218.5 MB
INFO - Your configuration does not contain unused commands, this is good
INFO - Creating initial population
INFO - Mem free: 177.0 MB
INFO - Prototype program set
INFO - Mem free after creating population: 218.5 MB
INFO - Your configuration does not contain unused commands, this is good
INFO - Creating initial population
INFO - Mem free: 183.0 MB
INFO - Prototype program set
INFO - Mem free after creating population: 222.0 MB
INFO - Your configuration does not contain unused commands, this is good
INFO - Creating initial population
INFO - Mem free: 176.5 MB
INFO - Prototype program set
INFO - Mem free after creating population: 218.5 MB
INFO - Your configuration does not contain unused commands, this is good
INFO - Creating initial population
INFO - Mem free: 174.5 MB
INFO - Prototype program set
INFO - Mem free after creating population: 218.5 MB
INFO - Your configuration does not contain unused commands, this is good
INFO - Creating initial population
INFO - Mem free: 178.0 MB
INFO - Prototype program set
INFO - Mem free after creating population: 218.5 MB
INFO - Your configuration does not contain unused commands, this is good
INFO - Creating initial population
INFO - Mem free: 176.0 MB
INFO - Prototype program set
INFO - Mem free after creating population: 218.5 MB
INFO - Your configuration does not contain unused commands, this is good
INFO - Creating initial population
INFO - Mem free: 181.5 MB
INFO - Prototype program set
INFO - Mem free after creating population: 222.0 MB
INFO - Your configuration does not contain unused commands, this is good
INFO - Creating initial population
INFO - Mem free: 178.5 MB
INFO - Prototype program set
INFO - Mem free after creating population: 218.5 MB
INFO - Your configuration does not contain unused commands, this is good
INFO - Creating initial population
INFO - Mem free: 183.5 MB
INFO - Prototype program set
INFO - Mem free after creating population: 218.5 MB
INFO - Your configuration does not contain unused commands, this is good
INFO - Creating initial population
INFO - Mem free: 185.5 MB
INFO - Prototype program set
INFO - Mem free after creating population: 218.5 MB
INFO - Your configuration does not contain unused commands, this is good
INFO - Creating initial population
INFO - Mem free: 187.0 MB
INFO - Prototype program set
INFO - Mem free after creating population: 219.0 MB
INFO - Your configuration does not contain unused commands, this is good
INFO - Creating initial population
INFO - Mem free: 186.5 MB
INFO - Prototype program set
INFO - Mem free after creating population: 218.5 MB
INFO - Your configuration does not contain unused commands, this is good
INFO - Creating initial population
INFO - Mem free: 188.0 MB
INFO - Prototype program set
INFO - Mem free after creating population: 219.0 MB
INFO - Your configuration does not contain unused commands, this is good
INFO - Creating initial population
INFO - Mem free: 186.5 MB
INFO - Prototype program set
INFO - Mem free after creating population: 218.5 MB
INFO - Your configuration does not contain unused commands, this is good
INFO - Creating initial population
INFO - Mem free: 184.5 MB
INFO - Prototype program set
INFO - Mem free after creating population: 219.0 MB
INFO - Your configuration does not contain unused commands, this is good
INFO - Creating initial population
INFO - Mem free: 179.0 MB
INFO - Prototype program set
INFO - Mem free after creating population: 220.0 MB
INFO - Your configuration does not contain unused commands, this is good
INFO - Creating initial population
INFO - Mem free: 173.0 MB
INFO - Prototype program set
INFO - Mem free after creating population: 218.5 MB
INFO - Your configuration does not contain unused commands, this is good
INFO - Creating initial population
INFO - Mem free: 187.0 MB
INFO - Prototype program set
INFO - Mem free after creating population: 218.5 MB
INFO - Your configuration does not contain unused commands, this is good
INFO - Creating initial population
INFO - Mem free: 186.0 MB
INFO - Prototype program set
INFO - Mem free after creating population: 218.5 MB
INFO - Your configuration does not contain unused commands, this is good
INFO - Creating initial population
INFO - Mem free: 185.5 MB
INFO - Prototype program set
INFO - Mem free after creating population: 218.5 MB
INFO - Your configuration does not contain unused commands, this is good
INFO - Creating initial population
INFO - Mem free: 159.0 MB
INFO - Prototype program set
INFO - Mem free after creating population: 218.5 MB
INFO - Your configuration does not contain unused commands, this is good
INFO - Creating initial population
INFO - Mem free: 185.5 MB
INFO - Prototype program set
INFO - Mem free after creating population: 222.0 MB
INFO - Your configuration does not contain unused commands, this is good
INFO - Creating initial population
INFO - Mem free: 187.5 MB
INFO - Prototype program set
INFO - Mem free after creating population: 218.5 MB
INFO - Your configuration does not contain unused commands, this is good
INFO - Creating initial population
INFO - Mem free: 186.0 MB
INFO - Prototype program set
INFO - Mem free after creating population: 218.5 MB
INFO - Your configuration does not contain unused commands, this is good
INFO - Creating initial population
INFO - Mem free: 180.5 MB
INFO - Prototype program set
INFO - Mem free after creating population: 219.0 MB
INFO - Your configuration does not contain unused commands, this is good
INFO - Creating initial population
INFO - Mem free: 185.0 MB
INFO - Prototype program set
INFO - Mem free after creating population: 218.5 MB
INFO - Your configuration does not contain unused commands, this is good
INFO - Creating initial population
INFO - Mem free: 187.5 MB
INFO - Prototype program set
INFO - Mem free after creating population: 222.0 MB
INFO - Your configuration does not contain unused commands, this is good
INFO - Creating initial population
INFO - Mem free: 185.0 MB
INFO - Prototype program set
INFO - Mem free after creating population: 218.5 MB
INFO - Your configuration does not contain unused commands, this is good
INFO - Creating initial population
INFO - Mem free: 183.5 MB
INFO - Prototype program set
INFO - Mem free after creating population: 218.5 MB
INFO - Your configuration does not contain unused commands, this is good
INFO - Creating initial population
INFO - Mem free: 184.0 MB
INFO - Prototype program set
INFO - Mem free after creating population: 218.5 MB
INFO - Your configuration does not contain unused commands, this is good
INFO - Creating initial population
INFO - Mem free: 187.5 MB
INFO - Prototype program set
INFO - Mem free after creating population: 219.0 MB
INFO - Your configuration does not contain unused commands, this is good
INFO - Creating initial population
INFO - Mem free: 186.5 MB
INFO - Prototype program set
INFO - Mem free after creating population: 218.5 MB
INFO - Your configuration does not contain unused commands, this is good
INFO - Creating initial population
INFO - Mem free: 184.5 MB
INFO - Prototype program set
INFO - Mem free after creating population: 220.0 MB
INFO - Your configuration does not contain unused commands, this is good
INFO - Creating initial population
INFO - Mem free: 245.5 MB
INFO - Prototype program set
INFO - Mem free after creating population: 245.5 MB
INFO - Your configuration does not contain unused commands, this is good
INFO - #########################
INFO - unscaled fitness: 0.91395238250494:0.09749999642372131:12;0.9045406153798103:0.11687500029802322:2;0.9045406153798103:0.11687500029802322:2;0.8930896392464638:0.17749999463558197:21;0.9045406153798103:0.11687500029802322:2;0.8800308054685593:0.28187501430511475:2;0.897638658285141:0.17937499284744263:2;0.9045406153798103:0.11687500029802322:2;0.8051372563838959:0.3725000023841858:2;0.8939915990829468:0.19750000536441803:2;0.8245406097173691:0.17937499284744263:2;0.897638658285141:0.17937499284744263:2;0.9045406153798103:0.11687500029802322:2;0.8800308054685593:0.28187501430511475:2;0.8051372563838959:0.3725000023841858:2;0.8958683481812477:0.05000000074505806:0;0.8245406097173691:0.0793749988079071:0;0.9143809548020363:0.04500000178813934:0;0.805196071267128:0.3700000047683716:2;0.8291372603178024:0.2562499940395355:12;0.8051372563838959:0.3725000023841858:2;0.905344540476799:0.042500000447034836:0;0.8800308054685593:0.28187501430511475:2;0.8522352969646454:0.34687501192092896:2;0.9045406153798103:0.042500000447034836:0;0.7319607830047608:0.1731249988079071:0;0.8800308054685593:0.28187501430511475:2;0.7865686213970184:0.30375000834465027:2;0.8329019641876221:0.37937501072883606:12;0.805196071267128:0.3700000047683716:2;0.897638658285141:0.17937499284744263:2;0.9160700312256813:0.17937499284744263:0;0.8245406097173691:0.17937499284744263:2;0.8245406097173691:0.17937499284744263:2;0.9045406153798103:0.042500000447034836:0;0.8800308054685593:0.18000000715255737:0;0.897638658285141:0.17937499284744263:2;0.8800308054685593:0.28187501430511475:2;0.8939915990829468:0.19750000536441803:2;0.8084425723552704:0.171875:2;0.8835798299312592:0.25874999165534973:2;0.7959803885221481:0.2306250035762787:2;0.9045406153798103:0.11687500029802322:2;0.710254887342453:0.10062500089406967:2;0.725137243270874:0.2731249928474426:2;0.8051372563838959:0.3725000023841858:2;0.9045406153798103:0.11687500029802322:2;0.9045406153798103:0.11687500029802322:2;0.8668039238452911:0.17749999463558197:12;0.8852717077732086:0.24500000476837158:176;0.8051372563838959:0.3725000023841858:2;0.9045406153798103:0.11687500029802322:2;0.91395238250494:0.09749999642372131:12;0.9045406153798103:0.11687500029802322:2;0.8051372563838959:0.3725000023841858:2;0.8051372563838959:0.3725000023841858:2;0.91395238250494:0.09749999642372131:12;0.7116862630844116:0.09125000238418579:1;0.8051372563838959:0.3725000023841858:2;0.897638658285141:0.17937499284744263:2;0.7982352918386459:0.2331250011920929:2;0.8245406097173691:0.17937499284744263:2;0.7974803990125656:0.3043749928474426:136;0.7982941216230393:0.2306250035762787:2;0.8146078383922577:0.36625000834465027:2;0.9045406153798103:0.11687500029802322:2;0.8051372563838959:0.3725000023841858:2;0.9045406153798103:0.042500000447034836:0;0.8245406097173691:0.17937499284744263:2;0.91395238250494:0.09749999642372131:12;0.805196071267128:0.27812498807907104:0;0.8245406097173691:0.17937499284744263:2;0.7182941234111786:0.109375:2;0.9045406153798103:0.11687500029802322:2;0.805196071267128:0.3700000047683716:2;0.8245406097173691:0.0793749988079071:0;0.7806862688064575:0.30375000834465027:2;0.897638658285141:0.17937499284744263:2;0.9045406153798103:0.042500000447034836:0;0.9013585469126701:0.11749999970197678:2;0.8800308054685593:0.28187501430511475:2;0.7006274557113648:0.08124999701976776:0;0.9045406153798103:0.11687500029802322:2;0.8145490235090256:0.296875:2;0.8051372563838959:0.3725000023841858:2;0.7100392079353333:0.09125000238418579:2;0.805196071267128:0.3700000047683716:2;0.897638658285141:0.17937499284744263:2;0.8245406097173691:0.17937499284744263:2;0.7917450910806656:0.22562499344348907:12;0.897638658285141:0.17937499284744263:2;0.9045406153798103:0.11687500029802322:2;0.8245406097173691:0.17937499284744263:2;0.9045406153798103:0.042500000447034836:0;0.897638658285141:0.17937499284744263:2;0.8245406097173691:0.17937499284744263:2;0.8051372563838959:0.3725000023841858:2;0.9045406153798103:0.042500000447034836:0;0.805196071267128:0.3700000047683716:2;0.8245406097173691:0.17937499284744263:2;
INFO - Best solution fitness: 0.91
INFO - Best solution: if((lastActionWas -3 -3)) then ((if(canShoot) then (right) else(right))) else((if(canJump) then (jump) else(left)))
INFO - Generation: 0
INFO - Time: Sun Mar 05 17:33:46 GMT 2017
INFO - Depth of chrom: 2
INFO - #########################
INFO - unscaled fitness: 0.897638658285141:0.17937499284744263:2;0.91395238250494:0.09749999642372131:12;0.8800308054685593:0.28187501430511475:2;0.905344540476799:0.042500000447034836:0;0.91395238250494:0.09749999642372131:12;0.8245406097173691:0.17937499284744263:2;0.9045406153798103:0.11687500029802322:2;0.897638658285141:0.17937499284744263:2;0.8245406097173691:0.17937499284744263:2;0.8800308054685593:0.28187501430511475:2;0.8800308054685593:0.28187501430511475:2;0.9110084047913551:0.04500000178813934:0;0.8915013989806175:0.2593750059604645:2;0.9045406153798103:0.042500000447034836:0;0.905344540476799:0.042500000447034836:0;0.897638658285141:0.17937499284744263:2;0.8939915990829468:0.19750000536441803:2;0.8051372563838959:0.3725000023841858:2;0.8930896392464638:0.17749999463558197:21;0.9045406153798103:0.11687500029802322:2;0.9045406153798103:0.11687500029802322:2;0.91395238250494:0.09749999642372131:12;0.9045406153798103:0.11687500029802322:2;0.9045406153798103:0.11687500029802322:2;0.9023445343971253:0.042500000447034836:0;0.9045406153798103:0.11687500029802322:2;0.9045406153798103:0.11687500029802322:2;0.9045406153798103:0.11687500029802322:2;0.897638658285141:0.17937499284744263:2;0.8245406097173691:0.17937499284744263:2;0.8958683481812477:0.05000000074505806:0;0.9045406153798103:0.11687500029802322:2;0.8245406097173691:0.17937499284744263:2;0.8939915990829468:0.19750000536441803:2;0.91395238250494:0.09749999642372131:12;0.913305321931839:0.04437499865889549:2;0.897638658285141:0.17937499284744263:2;0.897638658285141:0.17937499284744263:2;0.9045406153798103:0.11687500029802322:2;0.9045406153798103:0.11687500029802322:2;0.8245406097173691:0.0793749988079071:0;0.8245406097173691:0.17937499284744263:2;0.805196071267128:0.3700000047683716:2;0.9045406153798103:0.11687500029802322:2;0.9045406153798103:0.11687500029802322:2;0.9045406153798103:0.042500000447034836:0;0.9045406153798103:0.11687500029802322:2;0.8852717077732086:0.24500000476837158:176;0.8958683481812477:0.05000000074505806:0;0.897638658285141:0.17937499284744263:2;0.897638658285141:0.17249999940395355:0;0.8988739496469498:0.11749999970197678:2;0.9045406153798103:0.11687500029802322:2;0.9045406153798103:0.11687500029802322:2;0.91395238250494:0.09749999642372131:12;0.897638658285141:0.17937499284744263:2;0.9045406153798103:0.042500000447034836:0;0.91395238250494:0.09749999642372131:12;0.8800308054685593:0.28187501430511475:2;0.8930896392464638:0.17749999463558197:21;0.91395238250494:0.09749999642372131:12;0.8930896392464638:0.17749999463558197:21;0.8245406097173691:0.0793749988079071:0;0.9045406153798103:0.11687500029802322:2;0.805196071267128:0.3700000047683716:2;0.8146078383922577:0.36625000834465027:2;0.9045406153798103:0.042500000447034836:0;0.91395238250494:0.09749999642372131:12;0.9013585469126701:0.11749999970197678:2;0.9143809548020363:0.04500000178813934:0;0.8800308054685593:0.18000000715255737:0;0.8522352969646454:0.34687501192092896:2;0.905344540476799:0.042500000447034836:0;0.9045406153798103:0.11687500029802322:2;0.9045406153798103:0.11687500029802322:2;0.9045406153798103:0.042500000447034836:0;0.9045406153798103:0.11687500029802322:2;0.9045406153798103:0.11687500029802322:2;0.91395238250494:0.09749999642372131:12;0.9045406153798103:0.11687500029802322:2;0.9160700312256813:0.17937499284744263:0;0.9045406153798103:0.11687500029802322:2;0.8800308054685593:0.28187501430511475:2;0.8204705810546875:0.3218750059604645:2;0.8051372563838959:0.3725000023841858:2;0.9045406153798103:0.042500000447034836:0;0.9045406153798103:0.042500000447034836:0;0.8800308054685593:0.28187501430511475:2;0.9045406153798103:0.11687500029802322:2;0.8800308054685593:0.28187501430511475:2;0.8051372563838959:0.3725000023841858:2;0.8145490235090256:0.39375001192092896:12;0.91395238250494:0.09749999642372131:12;0.7251960730552673:0.27250000834465027:2;0.897638658285141:0.17937499284744263:2;0.805196071267128:0.3700000047683716:2;0.8800308054685593:0.28187501430511475:2;0.7564117705821991:0.1837500035762787:2;0.8800308054685593:0.28187501430511475:2;0.7806862688064575:0.30375000834465027:2;
INFO - #########################
INFO - unscaled fitness: 0.9045406153798103:0.042500000447034836:0;0.9045406153798103:0.11687500029802322:2;0.897638658285141:0.17937499284744263:2;0.9045406153798103:0.11687500029802322:2;0.91395238250494:0.09749999642372131:12;0.91395238250494:0.09749999642372131:12;0.9045406153798103:0.042500000447034836:0;0.91395238250494:0.09749999642372131:12;0.905344540476799:0.042500000447034836:0;0.91395238250494:0.09749999642372131:12;0.9045406153798103:0.11687500029802322:2;0.9045406153798103:0.11687500029802322:2;0.8988739496469498:0.11749999970197678:2;0.91395238250494:0.09749999642372131:12;0.9045406153798103:0.042500000447034836:0;0.905344540476799:0.11687500029802322:2;0.91395238250494:0.09749999642372131:12;0.91395238250494:0.09749999642372131:12;0.9045406153798103:0.11687500029802322:2;0.9045406153798103:0.042500000447034836:0;0.8894425800442696:0.2800000011920929:12;0.91395238250494:0.09749999642372131:12;0.9045406153798103:0.042500000447034836:0;0.9045406153798103:0.11687500029802322:2;0.9045406153798103:0.11687500029802322:2;0.91395238250494:0.09749999642372131:12;0.9045406153798103:0.042500000447034836:0;0.9045406153798103:0.11687500029802322:2;0.91395238250494:0.09749999642372131:12;0.9045406153798103:0.042500000447034836:0;0.8800308054685593:0.28187501430511475:2;0.91395238250494:0.09749999642372131:12;0.9045406153798103:0.11687500029802322:2;0.905344540476799:0.042500000447034836:0;0.9045406153798103:0.042500000447034836:0;0.91395238250494:0.09749999642372131:12;0.91395238250494:0.09749999642372131:12;0.9045406153798103:0.11687500029802322:2;0.9017507007718086:0.11375000327825546:2;0.91395238250494:0.09749999642372131:12;0.913305321931839:0.04437499865889549:2;0.805196071267128:0.3700000047683716:2;0.9045406153798103:0.11687500029802322:2;0.9045406153798103:0.11687500029802322:2;0.91395238250494:0.09749999642372131:12;0.9045406153798103:0.11687500029802322:2;0.9043389356136322:0.042500000447034836:0;0.8988739496469498:0.11749999970197678:2;0.91395238250494:0.09749999642372131:12;0.91395238250494:0.09749999642372131:12;0.905344540476799:0.042500000447034836:0;0.9045406153798103:0.11687500029802322:2;0.9045406153798103:0.11687500029802322:2;0.8339523768424988:0.09187500178813934:2;0.91395238250494:0.09749999642372131:12;0.9044817930459976:0.042500000447034836:0;0.91395238250494:0.09749999642372131:12;0.905344540476799:0.042500000447034836:0;0.8800308054685593:0.28187501430511475:2;0.9045406153798103:0.11687500029802322:2;0.9045406153798103:0.11687500029802322:2;0.9045406153798103:0.042500000447034836:0;0.9045406153798103:0.11687500029802322:2;0.9045406153798103:0.11687500029802322:2;0.9045406153798103:0.11687500029802322:2;0.9045406153798103:0.11687500029802322:2;0.9045406153798103:0.11687500029802322:2;0.9045406153798103:0.11687500029802322:2;0.91395238250494:0.09749999642372131:12;0.9160700312256813:0.17937499284744263:0;0.9110084047913551:0.04500000178813934:0;0.91395238250494:0.09749999642372131:12;0.9110084047913551:0.04500000178813934:0;0.91395238250494:0.09749999642372131:12;0.91395238250494:0.09749999642372131:12;0.9045406153798103:0.11687500029802322:2;0.91395238250494:0.09749999642372131:12;0.9110084047913551:0.04500000178813934:0;0.9045406153798103:0.042500000447034836:0;0.9045406153798103:0.11687500029802322:2;0.9160700312256813:0.17937499284744263:0;0.897638658285141:0.17937499284744263:2;0.91395238250494:0.09749999642372131:12;0.8422745114564896:0.24500000476837158:2;0.8245406097173691:0.17937499284744263:2;0.9045406153798103:0.11687500029802322:2;0.9045406153798103:0.11687500029802322:2;0.7945882326364517:0.21562500298023224:0;0.8800308054685593:0.28187501430511475:2;0.9045406153798103:0.11687500029802322:2;0.897638658285141:0.17937499284744263:2;0.8051372563838959:0.3725000023841858:2;0.9045406153798103:0.042500000447034836:0;0.8510196006298065:0.11999999731779099:2;0.8800308054685593:0.28187501430511475:2;0.9045406153798103:0.042500000447034836:0;0.805196071267128:0.3700000047683716:2;0.91395238250494:0.09749999642372131:12;0.9045406153798103:0.11687500029802322:2;0.8245406097173691:0.17937499284744263:2;
INFO - Creating initial population
INFO - Mem free: 245.5 MB
INFO - Prototype program set
INFO - Mem free after creating population: 245.5 MB
INFO - Your configuration does not contain unused commands, this is good
INFO - #########################
INFO - unscaled fitness: 0.805196071267128:0.3700000047683716:2;0.805196071267128:0.3700000047683716:2;0.7251960730552673:0.27250000834465027:2;0.8800308054685593:0.28187501430511475:2;0.8800308054685593:0.28187501430511475:2;0.8051372563838959:0.3725000023841858:2;0.91395238250494:0.09749999642372131:12;0.805196071267128:0.3700000047683716:2;0.805196071267128:0.3700000047683716:2;0.8127254939079285:0.3774999976158142:2;0.9045406153798103:0.042500000447034836:0;0.8930896392464638:0.17749999463558197:21;0.8339523768424988:0.19187499582767487:6;0.8800308054685593:0.28187501430511475:2;0.7806862688064575:0.30375000834465027:2;0.9130308127403259:0.054999999701976776:2;0.8245406097173691:0.0793749988079071:0;0.9045406153798103:0.042500000447034836:0;0.8245406097173691:0.17937499284744263:2;0.8284901922941208:0.3881250023841858:12;0.8051372563838959:0.3725000023841858:2;0.8089607900381088:0.3631249964237213:1;0.9045406153798103:0.042500000447034836:0;0.9045406153798103:0.042500000447034836:0;0.8245406097173691:0.17937499284744263:2;0.9074789902567864:0.11937499791383743:2;0.8051372563838959:0.3725000023841858:2;0.9045406153798103:0.11687500029802322:2;0.8051372563838959:0.3725000023841858:2;0.805196071267128:0.27812498807907104:0;0.9045406153798103:0.042500000447034836:0;0.8139916008710861:0.08062499761581421:1;0.8139916008710861:0.09000000357627869:2;0.9045406153798103:0.042500000447034836:0;0.8245406097173691:0.17937499284744263:2;0.794647062420845:0.21562500298023224:0;0.8800308054685593:0.28187501430511475:2;0.725137243270874:0.1731249988079071:0;0.8800308054685593:0.28187501430511475:2;0.8985013982653618:0.15937499701976776:2;0.9045406153798103:0.11687500029802322:2;0.805196071267128:0.3700000047683716:2;0.8051372563838959:0.3725000023841858:2;0.8800308054685593:0.28187501430511475:2;0.8800308054685593:0.28187501430511475:2;0.9045406153798103:0.11687500029802322:2;0.91395238250494:0.09749999642372131:12;0.8800308054685593:0.28187501430511475:2;0.9045406153798103:0.042500000447034836:0;0.8894425800442696:0.19687500596046448:12;0.8800308054685593:0.28187501430511475:2;0.805196071267128:0.3700000047683716:2;0.8800308054685593:0.28187501430511475:2;0.8051372563838959:0.3725000023841858:2;0.805196071267128:0.3700000047683716:2;0.805196071267128:0.3700000047683716:2;0.8051372563838959:0.3725000023841858:2;0.9045406153798103:0.042500000447034836:0;0.805196071267128:0.3700000047683716:2;0.8051372563838959:0.3725000023841858:2;0.91395238250494:0.09749999642372131:12;0.8245406097173691:0.17937499284744263:2;0.8245406097173691:0.17937499284744263:2;0.9045406153798103:0.11687500029802322:2;0.805196071267128:0.3700000047683716:2;0.805196071267128:0.3700000047683716:2;0.9045406153798103:0.042500000447034836:0;0.8245406097173691:0.17937499284744263:2;0.9045406153798103:0.042500000447034836:0;0.9045406153798103:0.11687500029802322:2;0.8245406097173691:0.17937499284744263:2;0.8847647106647492:0.18250000476837158:12;0.91395238250494:0.09749999642372131:12;0.805196071267128:0.3700000047683716:2;0.8800308054685593:0.28187501430511475:2;0.91395238250494:0.09749999642372131:12;0.897638658285141:0.17937499284744263:2;0.8800308054685593:0.28187501430511475:2;0.8800308054685593:0.28187501430511475:2;0.9045406153798103:0.11687500029802322:2;0.9045406153798103:0.11687500029802322:2;0.9045406153798103:0.042500000447034836:0;0.9045406153798103:0.11687500029802322:2;0.9045406153798103:0.042500000447034836:0;0.9045406153798103:0.11687500029802322:2;0.9045406153798103:0.11687500029802322:2;0.9045406153798103:0.042500000447034836:0;0.8245406097173691:0.17937499284744263:2;0.897638658285141:0.17937499284744263:2;0.727156857252121:0.10499999672174454:0;0.8245406097173691:0.17937499284744263:2;0.8123529350757599:0.16249999403953552:2;0.8245406097173691:0.17937499284744263:2;0.8800142651796341:0.28187501430511475:2;0.897638658285141:0.17937499284744263:2;0.805196071267128:0.3700000047683716:2;0.9045406153798103:0.11687500029802322:2;0.7251960730552673:0.27250000834465027:2;0.8930896392464638:0.17749999463558197:21;0.805196071267128:0.3700000047683716:2;
INFO - Best solution fitness: 0.91
INFO - Best solution: right
INFO - Generation: 0
INFO - Time: Sun Mar 05 17:34:24 GMT 2017
INFO - Depth of chrom: 0
INFO - Creating initial population
INFO - Mem free: 186.0 MB
INFO - Prototype program set
INFO - Mem free after creating population: 219.0 MB
INFO - Your configuration does not contain unused commands, this is good
INFO - Creating initial population
INFO - Mem free: 187.5 MB
INFO - Prototype program set
INFO - Mem free after creating population: 218.5 MB
INFO - Your configuration does not contain unused commands, this is good
INFO - Creating initial population
INFO - Mem free: 186.5 MB
INFO - Prototype program set
INFO - Mem free after creating population: 221.0 MB
INFO - Your configuration does not contain unused commands, this is good
INFO - Creating initial population
INFO - Mem free: 185.0 MB
INFO - Prototype program set
INFO - Mem free after creating population: 218.5 MB
INFO - Your configuration does not contain unused commands, this is good
INFO - Creating initial population
INFO - Mem free: 186.5 MB
INFO - Prototype program set
INFO - Mem free after creating population: 218.5 MB
INFO - Your configuration does not contain unused commands, this is good
INFO - Creating initial population
INFO - Mem free: 186.5 MB
INFO - Prototype program set
INFO - Mem free after creating population: 218.5 MB
INFO - Your configuration does not contain unused commands, this is good
INFO - Creating initial population
INFO - Mem free: 184.0 MB
INFO - Prototype program set
INFO - Mem free after creating population: 218.5 MB
INFO - Your configuration does not contain unused commands, this is good
INFO - Creating initial population
INFO - Mem free: 185.0 MB
INFO - Prototype program set
INFO - Mem free after creating population: 218.5 MB
INFO - Your configuration does not contain unused commands, this is good
INFO - Creating initial population
INFO - Mem free: 185.5 MB
INFO - Prototype program set
INFO - Mem free after creating population: 218.5 MB
INFO - Your configuration does not contain unused commands, this is good
INFO - Creating initial population
INFO - Mem free: 186.0 MB
INFO - Prototype program set
INFO - Mem free after creating population: 222.0 MB
INFO - Your configuration does not contain unused commands, this is good
INFO - Creating initial population
INFO - Mem free: 186.0 MB
INFO - Prototype program set
INFO - Mem free after creating population: 218.5 MB
INFO - Your configuration does not contain unused commands, this is good
INFO - Creating initial population
INFO - Mem free: 185.5 MB
INFO - Prototype program set
INFO - Mem free after creating population: 219.0 MB
INFO - Your configuration does not contain unused commands, this is good
INFO - Creating initial population
INFO - Mem free: 187.0 MB
INFO - Prototype program set
INFO - Mem free after creating population: 218.5 MB
INFO - Your configuration does not contain unused commands, this is good
INFO - Creating initial population
INFO - Mem free: 187.5 MB
INFO - Prototype program set
INFO - Mem free after creating population: 218.5 MB
INFO - Your configuration does not contain unused commands, this is good
INFO - Creating initial population
INFO - Mem free: 187.5 MB
INFO - Prototype program set
INFO - Mem free after creating population: 220.5 MB
INFO - Your configuration does not contain unused commands, this is good
INFO - Creating initial population
INFO - Mem free: 186.0 MB
INFO - Prototype program set
INFO - Mem free after creating population: 218.5 MB
INFO - Your configuration does not contain unused commands, this is good
INFO - Creating initial population
INFO - Mem free: 184.0 MB
INFO - Prototype program set
INFO - Mem free after creating population: 218.5 MB
INFO - Your configuration does not contain unused commands, this is good
INFO - Creating initial population
INFO - Mem free: 188.5 MB
INFO - Prototype program set
INFO - Mem free after creating population: 222.0 MB
INFO - Your configuration does not contain unused commands, this is good
INFO - Creating initial population
INFO - Mem free: 185.5 MB
INFO - Prototype program set
INFO - Mem free after creating population: 218.5 MB
INFO - Your configuration does not contain unused commands, this is good
INFO - Creating initial population
INFO - Mem free: 185.0 MB
INFO - Prototype program set
INFO - Mem free after creating population: 218.5 MB
INFO - Your configuration does not contain unused commands, this is good
